
> learnos-frontend@0.1.0 dev
> next dev

 ⚠ Port 3000 is in use, trying 3001 instead.
 ⚠ Port 3001 is in use, trying 3002 instead.
 ⚠ Port 3002 is in use, trying 3003 instead.
 ⚠ Port 3003 is in use, trying 3004 instead.
 ⚠ Port 3004 is in use, trying 3005 instead.
 ⚠ Port 3005 is in use, trying 3006 instead.
 ⚠ Port 3006 is in use, trying 3007 instead.
 ⚠ Port 3007 is in use, trying 3008 instead.
 ⚠ Port 3008 is in use, trying 3009 instead.
  ▲ Next.js 14.2.35
  - Local:        http://localhost:3009
  - Environments: .env.local

 ✓ Starting...
 ✓ Ready in 2.2s
 ○ Compiling / ...
 ✓ Compiled / in 6.6s (617 modules)
 GET / 200 in 6908ms
 ○ Compiling /dashboard ...
 ✓ Compiled /dashboard in 563ms (627 modules)
 GET /dashboard 200 in 173ms
 ✓ Compiled in 635ms (627 modules)
 ✓ Compiled in 255ms (613 modules)
